Started fetching price data@2024-01-11T11:11:00.784Z
Fetched at 11/01/2024@2024-01-11T11:11:00.787Z
Added a row@2024-01-11T11:11:01.148Z
Added a row@2024-01-11T11:11:01.150Z
Added a row@2024-01-11T11:11:01.151Z
Added a row@2024-01-11T11:11:01.152Z
Added a row@2024-01-11T11:11:01.153Z
Added a row@2024-01-11T11:11:01.154Z
Added a row@2024-01-11T11:11:01.155Z
Added a row@2024-01-11T11:11:01.156Z
Added a row@2024-01-11T11:11:01.158Z
Added a row@2024-01-11T11:11:01.159Z
Added a row@2024-01-11T11:11:01.160Z
Added a row@2024-01-11T11:11:01.161Z
Added a row@2024-01-11T11:11:01.162Z
Added a row@2024-01-11T11:11:01.165Z
Added a row@2024-01-11T11:11:01.166Z
Added a row@2024-01-11T11:11:01.163Z
Added a row@2024-01-11T11:11:01.164Z
Added a row@2024-01-11T11:11:01.165Z
Added a row@2024-01-11T11:11:01.168Z
Added a row@2024-01-11T11:11:01.169Z
Added a row@2024-01-11T11:11:01.170Z
Added a row@2024-01-11T11:11:01.171Z
Added a row@2024-01-11T11:11:01.172Z
Added a row@2024-01-11T11:11:01.173Z
Added a row@2024-01-11T11:11:01.174Z
Added a row@2024-01-11T11:11:01.175Z
Added a row@2024-01-11T11:11:01.175Z
Added a row@2024-01-11T11:11:01.176Z
Added a row@2024-01-11T11:11:01.178Z
Added a row@2024-01-11T11:11:01.178Z
Added a row@2024-01-11T11:11:01.179Z
Added a row@2024-01-11T11:11:01.182Z
Added a row@2024-01-11T11:11:01.180Z
Added a row@2024-01-11T11:11:01.181Z
Added a row@2024-01-11T11:11:01.183Z
Added a row@2024-01-11T11:11:01.183Z
Added a row@2024-01-11T11:11:01.184Z
Added a row@2024-01-11T11:11:01.186Z
Added a row@2024-01-11T11:11:01.187Z
Added a row@2024-01-11T11:11:01.211Z
Added a row@2024-01-11T11:11:01.211Z
Added a row@2024-01-11T11:11:01.319Z
Added a row@2024-01-11T11:11:01.320Z
Added a row@2024-01-11T11:11:01.322Z
Added a row@2024-01-11T11:11:01.328Z
Added a row@2024-01-11T11:11:01.332Z
Added a row@2024-01-11T11:11:01.354Z
Added a row@2024-01-11T11:11:01.366Z
Next scheduled event: Data has been successfully retrieved earlier today@2024-01-11T11:12:00.312Z
Next scheduled event: Data has been successfully retrieved earlier today@2024-01-11T11:13:00.815Z
Next scheduled event: Data has been successfully retrieved earlier today@2024-01-11T11:14:00.308Z
Next scheduled event: Data has been successfully retrieved earlier today@2024-01-11T11:15:00.793Z
Next scheduled event: Data has been successfully retrieved earlier today@2024-01-11T11:16:00.334Z
Next scheduled event: Data has been successfully retrieved earlier today@2024-01-11T11:17:00.849Z
Next scheduled event: Data has been successfully retrieved earlier today@2024-01-11T11:18:00.388Z
Next scheduled event: Data has been successfully retrieved earlier today@2024-01-11T11:19:00.883Z
Next scheduled event: Data has been successfully retrieved earlier today@2024-01-11T11:20:00.356Z
Next scheduled event: Data has been successfully retrieved earlier today@2024-01-11T11:21:00.906Z
Next scheduled event: Data has been successfully retrieved earlier today@2024-01-11T11:22:00.495Z
Next scheduled event: Data has been successfully retrieved earlier today@2024-01-11T11:23:00.070Z
Next scheduled event: Data has been successfully retrieved earlier today@2024-01-11T11:24:00.887Z
Next scheduled event: Data has been successfully retrieved earlier today@2024-01-11T11:25:00.476Z
Next scheduled event: Data has been successfully retrieved earlier today@2024-01-11T11:26:00.956Z
Next scheduled event: Data has been successfully retrieved earlier today@2024-01-11T11:27:00.511Z
Next scheduled event: Data has been successfully retrieved earlier today@2024-01-11T11:28:00.043Z
Started fetching price data@2024-01-12T09:23:01.088Z
Fetched at 12/01/2024@2024-01-12T09:23:01.092Z
Added a row@2024-01-12T09:23:01.507Z
Added a row@2024-01-12T09:23:01.508Z
Added a row@2024-01-12T09:23:01.510Z
Added a row@2024-01-12T09:23:01.511Z
Added a row@2024-01-12T09:23:01.512Z
Added a row@2024-01-12T09:23:01.513Z
Added a row@2024-01-12T09:23:01.514Z
Added a row@2024-01-12T09:23:01.515Z
Added a row@2024-01-12T09:23:01.516Z
Added a row@2024-01-12T09:23:01.518Z
Added a row@2024-01-12T09:23:01.519Z
Added a row@2024-01-12T09:23:01.520Z
Added a row@2024-01-12T09:23:01.522Z
Added a row@2024-01-12T09:23:01.523Z
Added a row@2024-01-12T09:23:01.524Z
Skipped an existing row@2024-01-12T09:23:01.525Z
Skipped an existing row@2024-01-12T09:23:01.526Z
Skipped an existing row@2024-01-12T09:23:01.531Z
Skipped an existing row@2024-01-12T09:23:01.532Z
Skipped an existing row@2024-01-12T09:23:01.534Z
Skipped an existing row@2024-01-12T09:23:01.536Z
Skipped an existing row@2024-01-12T09:23:01.538Z
Skipped an existing row@2024-01-12T09:23:01.539Z
Skipped an existing row@2024-01-12T09:23:01.555Z
Added a row@2024-01-12T09:23:01.574Z
Skipped an existing row@2024-01-12T09:23:01.600Z
Skipped an existing row@2024-01-12T09:23:01.612Z
Skipped an existing row@2024-01-12T09:23:01.618Z
Skipped an existing row@2024-01-12T09:23:01.626Z
Skipped an existing row@2024-01-12T09:23:01.641Z
Skipped an existing row@2024-01-12T09:23:01.651Z
Skipped an existing row@2024-01-12T09:23:01.658Z
Skipped an existing row@2024-01-12T09:23:01.662Z
Skipped an existing row@2024-01-12T09:23:01.687Z
Skipped an existing row@2024-01-12T09:23:01.694Z
Skipped an existing row@2024-01-12T09:23:01.705Z
Skipped an existing row@2024-01-12T09:23:01.714Z
Skipped an existing row@2024-01-12T09:23:01.723Z
Skipped an existing row@2024-01-12T09:23:01.729Z
Skipped an existing row@2024-01-12T09:23:01.740Z
Added a row@2024-01-12T09:23:01.791Z
Added a row@2024-01-12T09:23:01.828Z
Added a row@2024-01-12T09:23:01.829Z
Added a row@2024-01-12T09:23:01.830Z
Added a row@2024-01-12T09:23:01.831Z
Added a row@2024-01-12T09:23:01.831Z
Added a row@2024-01-12T09:23:01.832Z
Added a row@2024-01-12T09:23:01.832Z
Started fetching price data@2024-01-12T15:44:00.578Z
Fetched at 12.1.2024@2024-01-12T15:44:00.591Z
Added a row@2024-01-12T15:44:01.587Z
Added a row@2024-01-12T15:44:01.590Z
Added a row@2024-01-12T15:44:01.596Z
Added a row@2024-01-12T15:44:01.648Z
Added a row@2024-01-12T15:44:01.745Z
Added a row@2024-01-12T15:44:01.797Z
Added a row@2024-01-12T15:44:01.883Z
Added a row@2024-01-12T15:44:01.986Z
Added a row@2024-01-12T15:44:02.043Z
Added a row@2024-01-12T15:44:02.074Z
Added a row@2024-01-12T15:44:02.107Z
Added a row@2024-01-12T15:44:02.211Z
Added a row@2024-01-12T15:44:02.232Z
Added a row@2024-01-12T15:44:02.260Z
Added a row@2024-01-12T15:44:02.320Z
Added a row@2024-01-12T15:44:02.347Z
Added a row@2024-01-12T15:44:02.353Z
Added a row@2024-01-12T15:44:02.375Z
Added a row@2024-01-12T15:44:02.388Z
Added a row@2024-01-12T15:44:02.430Z
Added a row@2024-01-12T15:44:02.453Z
Added a row@2024-01-12T15:44:02.457Z
Added a row@2024-01-12T15:44:02.466Z
Added a row@2024-01-12T15:44:02.492Z
Added a row@2024-01-12T15:44:02.505Z
Added a row@2024-01-12T15:44:02.510Z
Added a row@2024-01-12T15:44:02.530Z
Added a row@2024-01-12T15:44:02.554Z
Added a row@2024-01-12T15:44:02.626Z
Added a row@2024-01-12T15:44:02.633Z
Added a row@2024-01-12T15:44:02.650Z
Added a row@2024-01-12T15:44:02.659Z
Added a row@2024-01-12T15:44:02.666Z
Added a row@2024-01-12T15:44:02.689Z
Added a row@2024-01-12T15:44:02.691Z
Added a row@2024-01-12T15:44:02.738Z
Added a row@2024-01-12T15:44:02.762Z
Added a row@2024-01-12T15:44:02.783Z
Added a row@2024-01-12T15:44:02.790Z
Added a row@2024-01-12T15:44:02.925Z
Added a row@2024-01-12T15:44:02.928Z
Added a row@2024-01-12T15:44:02.935Z
Added a row@2024-01-12T15:44:02.956Z
Added a row@2024-01-12T15:44:02.958Z
Added a row@2024-01-12T15:44:02.967Z
Added a row@2024-01-12T15:44:02.969Z
Added a row@2024-01-12T15:44:02.972Z
Added a row@2024-01-12T15:44:02.973Z
Started fetching price data@2024-01-17T03:39:00.933Z
Fetched at 17.1.2024@2024-01-17T03:39:00.941Z
Added a row@2024-01-17T03:39:01.578Z
Added a row@2024-01-17T03:39:01.582Z
Added a row@2024-01-17T03:39:01.586Z
Added a row@2024-01-17T03:39:01.590Z
Added a row@2024-01-17T03:39:01.592Z
Added a row@2024-01-17T03:39:01.594Z
Added a row@2024-01-17T03:39:01.596Z
Added a row@2024-01-17T03:39:01.598Z
Added a row@2024-01-17T03:39:01.600Z
Added a row@2024-01-17T03:39:01.602Z
Added a row@2024-01-17T03:39:01.604Z
Added a row@2024-01-17T03:39:01.605Z
Added a row@2024-01-17T03:39:01.607Z
Added a row@2024-01-17T03:39:01.609Z
Added a row@2024-01-17T03:39:01.612Z
Added a row@2024-01-17T03:39:01.614Z
Added a row@2024-01-17T03:39:01.617Z
Added a row@2024-01-17T03:39:01.683Z
Added a row@2024-01-17T03:39:01.713Z
Added a row@2024-01-17T03:39:01.770Z
Added a row@2024-01-17T03:39:02.027Z
Added a row@2024-01-17T03:39:02.130Z
Added a row@2024-01-17T03:39:02.189Z
Added a row@2024-01-17T03:39:02.239Z
Added a row@2024-01-17T03:39:02.262Z
Added a row@2024-01-17T03:39:02.270Z
Added a row@2024-01-17T03:39:02.273Z
Added a row@2024-01-17T03:39:02.277Z
Added a row@2024-01-17T03:39:02.281Z
Added a row@2024-01-17T03:39:02.309Z
Added a row@2024-01-17T03:39:02.371Z
Added a row@2024-01-17T03:39:02.429Z
Added a row@2024-01-17T03:39:02.454Z
Added a row@2024-01-17T03:39:02.474Z
Added a row@2024-01-17T03:39:02.481Z
Added a row@2024-01-17T03:39:02.509Z
Added a row@2024-01-17T03:39:02.511Z
Added a row@2024-01-17T03:39:02.513Z
Added a row@2024-01-17T03:39:02.516Z
Added a row@2024-01-17T03:39:02.617Z
Added a row@2024-01-17T03:39:02.619Z
Added a row@2024-01-17T03:39:02.620Z
Added a row@2024-01-17T03:39:02.621Z
Added a row@2024-01-17T03:39:02.650Z
Added a row@2024-01-17T03:39:02.652Z
Added a row@2024-01-17T03:39:02.657Z
Added a row@2024-01-17T03:39:02.665Z
Added a row@2024-01-17T03:39:02.674Z
Next scheduled event: Data has been successfully retrieved earlier today@2024-01-17T03:40:00.755Z
Next scheduled event: Data has been successfully retrieved earlier today@2024-01-17T03:41:00.461Z
Next scheduled event: Data has been successfully retrieved earlier today@2024-01-17T03:42:00.220Z
Started fetching price data@2024-01-21T20:40:01.063Z
Fetched at 21.1.2024@2024-01-21T20:40:01.095Z
Added a row@2024-01-21T20:40:01.993Z
Added a row@2024-01-21T20:40:02.154Z
Added a row@2024-01-21T20:40:02.269Z
Added a row@2024-01-21T20:40:02.299Z
Added a row@2024-01-21T20:40:02.363Z
Added a row@2024-01-21T20:40:02.469Z
Added a row@2024-01-21T20:40:02.555Z
Added a row@2024-01-21T20:40:02.728Z
Added a row@2024-01-21T20:40:02.763Z
Added a row@2024-01-21T20:40:02.867Z
Added a row@2024-01-21T20:40:02.940Z
Added a row@2024-01-21T20:40:03.110Z
Added a row@2024-01-21T20:40:03.137Z
Added a row@2024-01-21T20:40:03.214Z
Added a row@2024-01-21T20:40:03.228Z
Added a row@2024-01-21T20:40:03.267Z
Added a row@2024-01-21T20:40:03.284Z
Added a row@2024-01-21T20:40:03.290Z
Added a row@2024-01-21T20:40:03.302Z
Added a row@2024-01-21T20:40:03.418Z
Added a row@2024-01-21T20:40:03.486Z
Added a row@2024-01-21T20:40:03.517Z
Added a row@2024-01-21T20:40:03.543Z
Added a row@2024-01-21T20:40:03.584Z
Added a row@2024-01-21T20:40:03.615Z
Added a row@2024-01-21T20:40:03.633Z
Added a row@2024-01-21T20:40:03.650Z
Added a row@2024-01-21T20:40:03.673Z
Added a row@2024-01-21T20:40:03.730Z
Added a row@2024-01-21T20:40:03.762Z
Added a row@2024-01-21T20:40:03.783Z
Added a row@2024-01-21T20:40:03.834Z
Added a row@2024-01-21T20:40:03.848Z
Added a row@2024-01-21T20:40:03.852Z
Added a row@2024-01-21T20:40:03.854Z
Added a row@2024-01-21T20:40:03.880Z
Added a row@2024-01-21T20:40:03.883Z
Added a row@2024-01-21T20:40:04.025Z
Added a row@2024-01-21T20:40:04.108Z
Added a row@2024-01-21T20:40:04.298Z
Added a row@2024-01-21T20:40:04.302Z
Added a row@2024-01-21T20:40:04.303Z
Added a row@2024-01-21T20:40:04.304Z
Added a row@2024-01-21T20:40:04.306Z
Added a row@2024-01-21T20:40:04.361Z
Added a row@2024-01-21T20:40:04.416Z
Added a row@2024-01-21T20:40:04.462Z
Added a row@2024-01-21T20:40:04.513Z
Next scheduled event: Data has been successfully retrieved earlier today@2024-01-21T20:41:00.598Z
Next scheduled event: Data has been successfully retrieved earlier today@2024-01-21T20:42:00.565Z
Next scheduled event: Data has been successfully retrieved earlier today@2024-01-21T20:43:00.275Z
